{"level":"INFO","timestamp":"2018-10-25 23:19:59.289","file":"config/config.go:49","msg":"success config log 222222222222222222log/apiserver.log"}
{"level":"INFO","timestamp":"2018-10-25 23:19:59.293","file":"sd/check.go:25","msg":"112221212121212"}
{"level":"INFO","timestamp":"2018-10-25 23:20:15.137","file":"sd/check.go:32","msg":"112221212121212"}
{"level":"INFO","timestamp":"2018-10-25 23:20:26.541","file":"sd/check.go:32","msg":"112221212121212"}
{"level":"INFO","timestamp":"2018-10-25 23:20:27.983","file":"sd/check.go:32","msg":"112221212121212"}
{"level":"INFO","timestamp":"2018-10-25 23:20:29.222","file":"sd/check.go:32","msg":"112221212121212"}
{"level":"INFO","timestamp":"2018-10-25 23:20:30.828","file":"sd/check.go:32","msg":"112221212121212"}
{"level":"INFO","timestamp":"2018-10-25 23:20:32.029","file":"sd/check.go:32","msg":"112221212121212"}
{"level":"INFO","timestamp":"2018-10-25 23:20:33.132","file":"sd/check.go:32","msg":"112221212121212"}
{"level":"INFO","timestamp":"2018-10-25 23:20:34.224","file":"sd/check.go:32","msg":"112221212121212"}
{"level":"INFO","timestamp":"2018-10-25 23:25:45.635","file":"config/config.go:49","msg":"success config log 222222222222222222log/apiserver.log"}
{"level":"INFO","timestamp":"2018-10-25 23:25:45.636","file":"sd/check.go:25","msg":"112221212121212"}
{"level":"INFO","timestamp":"2018-10-25 23:25:49.213","file":"sd/check.go:32","msg":"112221212121212"}
{"level":"INFO","timestamp":"2018-10-25 23:25:56.571","file":"sd/check.go:32","msg":"112221212121212"}
{"level":"INFO","timestamp":"2018-10-25 23:26:02.013","file":"sd/check.go:32","msg":"112221212121212"}
{"level":"INFO","timestamp":"2018-10-25 23:26:03.465","file":"sd/check.go:32","msg":"112221212121212"}
{"level":"INFO","timestamp":"2018-10-25 23:26:09.037","file":"sd/check.go:32","msg":"112221212121212"}
{"level":"INFO","timestamp":"2018-10-25 23:26:10.214","file":"sd/check.go:32","msg":"112221212121212"}
{"level":"INFO","timestamp":"2018-10-26 14:05:58.530","file":"config/config.go:49","msg":"success config log 222222222222222222log/apiserver.log"}
{"level":"INFO","timestamp":"2018-10-26 14:05:58.532","file":"sd/check.go:25","msg":"112221212121212"}
{"level":"INFO","timestamp":"2018-10-26 14:06:46.561","file":"sd/check.go:25","msg":"112221212121212"}
{"level":"INFO","timestamp":"2018-10-26 14:06:49.248","file":"sd/check.go:25","msg":"112221212121212"}
{"level":"INFO","timestamp":"2018-10-26 14:06:50.480","file":"sd/check.go:25","msg":"112221212121212"}
{"level":"INFO","timestamp":"2018-10-26 14:06:51.483","file":"sd/check.go:25","msg":"112221212121212"}
{"level":"INFO","timestamp":"2018-10-26 14:07:16.830","file":"sd/check.go:56","msg":"112221212121212"}
{"level":"INFO","timestamp":"2018-10-26 14:07:21.999","file":"sd/check.go:80","msg":"112221212121212"}
{"level":"INFO","timestamp":"2018-10-26 14:21:21.195","file":"config/config.go:77","msg":"Config file changed conf/config.yaml"}
{"level":"INFO","timestamp":"2018-10-26 14:21:30.487","file":"config/config.go:49","msg":"success config log 222222222222222222log/apiserver.log"}
{"level":"INFO","timestamp":"2018-10-26 14:21:30.489","file":"sd/check.go:25","msg":"112221212121212"}
{"level":"INFO","timestamp":"2018-10-26 14:45:17.174","file":"config/config.go:77","msg":"Config file changed conf/config.yaml"}
{"level":"INFO","timestamp":"2018-10-26 18:27:24.433","file":"config/config.go:77","msg":"Config file changed conf/config.yaml"}
{"level":"INFO","timestamp":"2018-10-26 18:28:01.442","file":"config/config.go:77","msg":"Config file changed conf/config.yaml"}
{"level":"INFO","timestamp":"2018-10-26 19:07:25.521","file":"config/config.go:77","msg":"Config file changed conf/config.yaml"}
{"level":"INFO","timestamp":"2018-10-26 19:07:32.718","file":"config/config.go:49","msg":"success config log 222222222222222222log/apiserver.log"}
{"level":"INFO","timestamp":"2018-10-26 19:09:09.786","file":"config/config.go:49","msg":"success config log 222222222222222222log/apiserver.log"}
{"level":"INFO","timestamp":"2018-10-26 19:12:07.948","file":"config/config.go:49","msg":"success config log 222222222222222222log/apiserver.log"}
{"level":"INFO","timestamp":"2018-10-26 19:13:52.850","file":"config/config.go:49","msg":"success config log 222222222222222222log/apiserver.log"}
{"level":"INFO","timestamp":"2018-10-26 19:15:18.512","file":"config/config.go:49","msg":"success config log 222222222222222222log/apiserver.log"}
{"level":"INFO","timestamp":"2018-10-26 19:16:29.015","file":"config/config.go:49","msg":"success config log 222222222222222222log/apiserver.log"}
{"level":"INFO","timestamp":"2018-10-26 19:17:16.820","file":"config/config.go:49","msg":"success config log 222222222222222222log/apiserver.log"}
{"level":"INFO","timestamp":"2018-10-26 19:18:34.158","file":"config/config.go:49","msg":"success config log 222222222222222222log/apiserver.log"}
{"level":"INFO","timestamp":"2018-10-26 19:22:06.712","file":"config/config.go:49","msg":"success config log 222222222222222222log/apiserver.log"}
{"level":"ERROR","timestamp":"2018-10-26 19:22:06.716","file":"model/init.go:106","msg":"Database connection failed. Database name: db_apiserver","data":{"error":"cannot find local in zip file /usr/local/Cellar/go/1.10.2/libexec/lib/time/zoneinfo.zip"}}
{"level":"ERROR","timestamp":"2018-10-26 19:22:06.716","file":"model/init.go:106","msg":"Database connection failed. Database name: db_apiserver","data":{"error":"cannot find local in zip file /usr/local/Cellar/go/1.10.2/libexec/lib/time/zoneinfo.zip"}}
{"level":"INFO","timestamp":"2018-10-26 19:22:06.736","file":"sd/check.go:25","msg":"112221212121212"}
{"level":"INFO","timestamp":"2018-10-26 19:25:26.427","file":"config/config.go:49","msg":"success config log 222222222222222222log/apiserver.log"}
{"level":"ERROR","timestamp":"2018-10-26 19:25:26.428","file":"model/init.go:105","msg":"Database connection failed. Database name: db_apiserver","data":{"error":"cannot find local in zip file /usr/local/Cellar/go/1.10.2/libexec/lib/time/zoneinfo.zip"}}
{"level":"ERROR","timestamp":"2018-10-26 19:25:26.428","file":"model/init.go:105","msg":"Database connection failed. Database name: db_apiserver","data":{"error":"cannot find local in zip file /usr/local/Cellar/go/1.10.2/libexec/lib/time/zoneinfo.zip"}}
{"level":"INFO","timestamp":"2018-10-26 19:25:26.429","file":"sd/check.go:25","msg":"112221212121212"}
{"level":"INFO","timestamp":"2018-10-26 19:26:09.103","file":"sd/check.go:25","msg":"112221212121212"}
{"level":"INFO","timestamp":"2018-10-26 19:30:18.739","file":"config/config.go:49","msg":"success config log 222222222222222222log/apiserver.log"}
{"level":"ERROR","timestamp":"2018-10-26 19:30:18.740","file":"model/init.go:105","msg":"Database connection failed. Database name: db_apiserver","data":{"error":"cannot find local in zip file /usr/local/Cellar/go/1.10.2/libexec/lib/time/zoneinfo.zip"}}
{"level":"ERROR","timestamp":"2018-10-26 19:30:18.740","file":"model/init.go:105","msg":"Database connection failed. Database name: db_apiserver","data":{"error":"cannot find local in zip file /usr/local/Cellar/go/1.10.2/libexec/lib/time/zoneinfo.zip"}}
{"level":"INFO","timestamp":"2018-10-26 19:30:18.741","file":"apiserver/main.go:48","msg":"Start to listening the incoming  http address: 6669"}
{"level":"INFO","timestamp":"2018-10-26 19:30:18.743","file":"sd/check.go:25","msg":"112221212121212"}
{"level":"INFO","timestamp":"2018-10-26 19:30:18.744","file":"apiserver/main.go:45","msg":"The router has been started successfully"}
{"level":"INFO","timestamp":"2018-10-26 19:30:53.660","file":"sd/check.go:25","msg":"112221212121212"}
{"level":"INFO","timestamp":"2018-10-26 19:30:55.610","file":"sd/check.go:25","msg":"112221212121212"}
{"level":"INFO","timestamp":"2018-10-26 19:30:56.688","file":"sd/check.go:25","msg":"112221212121212"}
{"level":"INFO","timestamp":"2018-10-26 19:30:57.958","file":"sd/check.go:25","msg":"112221212121212"}
{"level":"INFO","timestamp":"2018-10-26 19:30:59.816","file":"sd/check.go:25","msg":"112221212121212"}
{"level":"INFO","timestamp":"2018-10-26 19:32:42.886","file":"config/config.go:77","msg":"Config file changed conf/config.yaml"}
{"level":"INFO","timestamp":"2018-10-26 19:32:48.103","file":"config/config.go:49","msg":"success config log 222222222222222222log/apiserver.log"}
{"level":"INFO","timestamp":"2018-10-26 19:32:48.175","file":"apiserver/main.go:48","msg":"Start to listening the incoming  http address: 6669"}
{"level":"INFO","timestamp":"2018-10-26 19:32:48.176","file":"sd/check.go:25","msg":"112221212121212"}
{"level":"INFO","timestamp":"2018-10-26 19:32:48.176","file":"apiserver/main.go:45","msg":"The router has been started successfully"}
{"level":"INFO","timestamp":"2018-10-26 19:33:52.987","file":"config/config.go:49","msg":"success config log 222222222222222222log/apiserver.log"}
{"level":"INFO","timestamp":"2018-10-26 19:33:53.033","file":"model/init.go:107","msg":"Connect to db successfully!!!!!!!!!!!!"}
{"level":"INFO","timestamp":"2018-10-26 19:33:53.035","file":"model/init.go:107","msg":"Connect to db successfully!!!!!!!!!!!!"}
{"level":"INFO","timestamp":"2018-10-26 19:33:53.036","file":"apiserver/main.go:48","msg":"Start to listening the incoming  http address: 6669"}
{"level":"INFO","timestamp":"2018-10-26 19:33:53.037","file":"sd/check.go:25","msg":"112221212121212"}
{"level":"INFO","timestamp":"2018-10-26 19:33:53.037","file":"apiserver/main.go:45","msg":"The router has been started successfully"}
{"level":"INFO","timestamp":"2018-10-26 19:34:08.984","file":"sd/check.go:25","msg":"112221212121212"}
{"level":"INFO","timestamp":"2018-10-26 19:34:10.763","file":"sd/check.go:25","msg":"112221212121212"}
{"level":"INFO","timestamp":"2018-10-26 19:34:11.841","file":"sd/check.go:25","msg":"112221212121212"}
{"level":"INFO","timestamp":"2018-10-26 19:36:12.638","file":"sd/check.go:25","msg":"112221212121212"}
{"level":"INFO","timestamp":"2018-10-26 19:36:14.617","file":"sd/check.go:25","msg":"112221212121212"}
{"level":"INFO","timestamp":"2018-10-26 19:37:32.460","file":"config/config.go:49","msg":"success config log 222222222222222222log/apiserver.log"}
{"level":"INFO","timestamp":"2018-10-26 19:37:32.503","file":"model/init.go:107","msg":"Connect to db successfully!!!!!!!!!!!!"}
{"level":"INFO","timestamp":"2018-10-26 19:37:32.506","file":"model/init.go:107","msg":"Connect to db successfully!!!!!!!!!!!!"}
{"level":"INFO","timestamp":"2018-10-26 19:37:32.506","file":"apiserver/main.go:48","msg":"Start to listening the incoming  http address: 6669"}
{"level":"INFO","timestamp":"2018-10-26 19:37:32.507","file":"sd/check.go:25","msg":"visit health"}
{"level":"INFO","timestamp":"2018-10-26 19:37:32.511","file":"apiserver/main.go:45","msg":"The router has been started successfully"}
{"level":"INFO","timestamp":"2018-10-26 19:37:52.246","file":"sd/check.go:25","msg":"visit health"}
{"level":"INFO","timestamp":"2018-10-26 19:37:57.392","file":"sd/check.go:56","msg":"visit cpu"}
{"level":"INFO","timestamp":"2018-10-26 20:00:36.500","file":"sd/check.go:56","msg":"visit cpu"}
{"level":"INFO","timestamp":"2018-10-26 20:00:37.976","file":"sd/check.go:56","msg":"visit cpu"}
{"level":"INFO","timestamp":"2018-10-26 20:00:39.939","file":"sd/check.go:25","msg":"visit health"}
{"level":"INFO","timestamp":"2018-10-26 20:00:42.172","file":"sd/check.go:56","msg":"visit cpu"}
{"level":"INFO","timestamp":"2018-10-26 23:06:08.988","file":"sd/check.go:56","msg":"visit cpu"}
{"level":"INFO","timestamp":"2018-10-26 23:06:11.436","file":"sd/check.go:56","msg":"visit cpu"}
{"level":"INFO","timestamp":"2018-10-29 21:01:11.457","file":"config/config.go:49","msg":"success config log 222222222222222222log/apiserver.log"}
{"level":"INFO","timestamp":"2018-10-29 21:01:11.515","file":"model/init.go:107","msg":"Connect to db successfully!!!!!!!!!!!!"}
{"level":"INFO","timestamp":"2018-10-29 21:01:11.516","file":"model/init.go:107","msg":"Connect to db successfully!!!!!!!!!!!!"}
{"level":"INFO","timestamp":"2018-10-29 21:01:11.517","file":"apiserver/main.go:48","msg":"Start to listening the incoming  http address: 6669"}
{"level":"INFO","timestamp":"2018-10-29 21:01:11.518","file":"sd/check.go:25","msg":"visit health"}
{"level":"INFO","timestamp":"2018-10-29 21:01:11.518","file":"apiserver/main.go:45","msg":"The router has been started successfully"}
{"level":"INFO","timestamp":"2018-10-29 21:23:36.813","file":"user/create.go:16","msg":"Create user"}
{"level":"DEBUG","timestamp":"2018-10-29 21:23:36.814","file":"user/create.go:28","msg":"Username is: [admin],Password is: [admin]"}
{"level":"INFO","timestamp":"2018-10-29 21:23:45.196","file":"user/create.go:16","msg":"Create user"}
{"level":"DEBUG","timestamp":"2018-10-29 21:23:45.196","file":"user/create.go:28","msg":"Username is: [admin],Password is: [123]"}
{"level":"INFO","timestamp":"2018-10-29 21:23:56.745","file":"user/create.go:16","msg":"Create user"}
{"level":"DEBUG","timestamp":"2018-10-29 21:23:56.745","file":"user/create.go:28","msg":"Username is: [admin],Password is: [123]"}
{"level":"INFO","timestamp":"2018-10-29 21:24:01.295","file":"user/create.go:16","msg":"Create user"}
{"level":"DEBUG","timestamp":"2018-10-29 21:24:01.295","file":"user/create.go:28","msg":"Username is: [admin],Password is: [12345]"}
{"level":"INFO","timestamp":"2018-10-29 21:31:59.044","file":"user/create.go:16","msg":"Create user"}
{"level":"DEBUG","timestamp":"2018-10-29 21:31:59.044","file":"user/create.go:28","msg":"Username is: [admin],Password is: []"}
{"level":"INFO","timestamp":"2018-10-29 21:32:09.927","file":"user/create.go:16","msg":"Create user"}
{"level":"DEBUG","timestamp":"2018-10-29 21:32:09.927","file":"user/create.go:28","msg":"Username is: [admin],Password is: []"}
{"level":"INFO","timestamp":"2018-10-29 21:32:19.086","file":"user/create.go:16","msg":"Create user"}
{"level":"DEBUG","timestamp":"2018-10-29 21:32:19.086","file":"user/create.go:28","msg":"Username is: [],Password is: [123]"}
{"level":"ERROR","timestamp":"2018-10-29 21:32:19.086","file":"user/create.go:31","msg":"Get an error","data":{"error":"Err - Code: 20102,message: The user was not found This is added message, error: username can't found in db:xx.xx.xx.xx"}}
{"level":"DEBUG","timestamp":"2018-10-29 21:32:19.086","file":"user/create.go:35","msg":"err type is ErrUserNotFound"}
{"level":"INFO","timestamp":"2018-10-29 21:32:24.360","file":"user/create.go:16","msg":"Create user"}
{"level":"DEBUG","timestamp":"2018-10-29 21:32:24.360","file":"user/create.go:28","msg":"Username is: [admin],Password is: []"}
{"level":"INFO","timestamp":"2018-10-29 21:32:25.983","file":"user/create.go:16","msg":"Create user"}
{"level":"DEBUG","timestamp":"2018-10-29 21:32:25.983","file":"user/create.go:28","msg":"Username is: [admin],Password is: []"}
{"level":"INFO","timestamp":"2018-10-29 21:36:56.701","file":"config/config.go:49","msg":"success config log 222222222222222222log/apiserver.log"}
{"level":"INFO","timestamp":"2018-10-29 21:36:56.707","file":"model/init.go:107","msg":"Connect to db successfully!!!!!!!!!!!!"}
{"level":"INFO","timestamp":"2018-10-29 21:36:56.710","file":"model/init.go:107","msg":"Connect to db successfully!!!!!!!!!!!!"}
{"level":"INFO","timestamp":"2018-10-29 21:36:56.710","file":"apiserver/main.go:48","msg":"Start to listening the incoming  http address: 6669"}
{"level":"INFO","timestamp":"2018-10-29 21:36:56.712","file":"sd/check.go:25","msg":"visit health"}
{"level":"INFO","timestamp":"2018-10-29 21:36:56.712","file":"apiserver/main.go:45","msg":"The router has been started successfully"}
{"level":"INFO","timestamp":"2018-10-29 21:37:04.899","file":"user/create.go:23","msg":"Create user"}
{"level":"DEBUG","timestamp":"2018-10-29 21:37:04.899","file":"user/create.go:35","msg":"Username is: [admin],Password is: []"}
{"level":"INFO","timestamp":"2018-10-29 21:39:43.697","file":"config/config.go:49","msg":"success config log 222222222222222222log/apiserver.log"}
{"level":"INFO","timestamp":"2018-10-29 21:39:43.699","file":"model/init.go:107","msg":"Connect to db successfully!!!!!!!!!!!!"}
{"level":"INFO","timestamp":"2018-10-29 21:39:43.700","file":"model/init.go:107","msg":"Connect to db successfully!!!!!!!!!!!!"}
{"level":"INFO","timestamp":"2018-10-29 21:39:43.701","file":"apiserver/main.go:48","msg":"Start to listening the incoming  http address: 6669"}
{"level":"INFO","timestamp":"2018-10-29 21:39:43.701","file":"sd/check.go:25","msg":"visit health"}
{"level":"INFO","timestamp":"2018-10-29 21:39:43.702","file":"apiserver/main.go:45","msg":"The router has been started successfully"}
{"level":"INFO","timestamp":"2018-10-29 21:41:34.279","file":"config/config.go:49","msg":"success config log 222222222222222222log/apiserver.log"}
{"level":"INFO","timestamp":"2018-10-29 21:41:34.281","file":"model/init.go:107","msg":"Connect to db successfully!!!!!!!!!!!!"}
{"level":"INFO","timestamp":"2018-10-29 21:41:34.282","file":"model/init.go:107","msg":"Connect to db successfully!!!!!!!!!!!!"}
{"level":"INFO","timestamp":"2018-10-29 21:41:34.293","file":"apiserver/main.go:48","msg":"Start to listening the incoming  http address: 6669"}
{"level":"INFO","timestamp":"2018-10-29 21:41:34.294","file":"sd/check.go:25","msg":"visit health"}
{"level":"INFO","timestamp":"2018-10-29 21:41:34.295","file":"apiserver/main.go:45","msg":"The router has been started successfully"}
{"level":"INFO","timestamp":"2018-10-29 22:55:48.491","file":"config/config.go:49","msg":"success config log 222222222222222222log/apiserver.log"}
{"level":"INFO","timestamp":"2018-10-29 22:55:48.495","file":"model/init.go:107","msg":"Connect to db successfully!!!!!!!!!!!!"}
{"level":"INFO","timestamp":"2018-10-29 22:55:48.496","file":"model/init.go:107","msg":"Connect to db successfully!!!!!!!!!!!!"}
{"level":"INFO","timestamp":"2018-10-29 22:55:48.507","file":"apiserver/main.go:48","msg":"Start to listening the incoming  http address: 6669"}
{"level":"INFO","timestamp":"2018-10-29 22:55:48.509","file":"sd/check.go:25","msg":"visit health"}
{"level":"INFO","timestamp":"2018-10-29 22:55:48.509","file":"apiserver/main.go:45","msg":"The router has been started successfully"}
{"level":"INFO","timestamp":"2018-10-29 22:56:54.391","file":"config/config.go:49","msg":"success config log 222222222222222222log/apiserver.log"}
{"level":"INFO","timestamp":"2018-10-29 22:56:54.393","file":"model/init.go:107","msg":"Connect to db successfully!!!!!!!!!!!!"}
{"level":"INFO","timestamp":"2018-10-29 22:56:54.394","file":"model/init.go:107","msg":"Connect to db successfully!!!!!!!!!!!!"}
{"level":"INFO","timestamp":"2018-10-29 22:56:54.395","file":"apiserver/main.go:48","msg":"Start to listening the incoming  http address: 6669"}
{"level":"INFO","timestamp":"2018-10-29 22:56:54.396","file":"sd/check.go:25","msg":"visit health"}
{"level":"INFO","timestamp":"2018-10-29 22:56:54.397","file":"apiserver/main.go:45","msg":"The router has been started successfully"}
{"level":"INFO","timestamp":"2018-10-29 22:58:10.198","file":"config/config.go:49","msg":"success config log 222222222222222222log/apiserver.log"}
{"level":"INFO","timestamp":"2018-10-29 22:58:10.200","file":"model/init.go:107","msg":"Connect to db successfully!!!!!!!!!!!!"}
{"level":"INFO","timestamp":"2018-10-29 22:58:10.202","file":"model/init.go:107","msg":"Connect to db successfully!!!!!!!!!!!!"}
{"level":"INFO","timestamp":"2018-10-29 22:58:10.219","file":"apiserver/main.go:48","msg":"Start to listening the incoming  http address: 6669"}
{"level":"INFO","timestamp":"2018-10-29 22:58:10.220","file":"sd/check.go:25","msg":"visit health"}
{"level":"INFO","timestamp":"2018-10-29 22:58:10.220","file":"apiserver/main.go:45","msg":"The router has been started successfully"}
{"level":"INFO","timestamp":"2018-10-29 22:58:41.580","file":"config/config.go:49","msg":"success config log 222222222222222222log/apiserver.log"}
{"level":"INFO","timestamp":"2018-10-29 22:58:41.582","file":"model/init.go:107","msg":"Connect to db successfully!!!!!!!!!!!!"}
{"level":"INFO","timestamp":"2018-10-29 22:58:41.583","file":"model/init.go:107","msg":"Connect to db successfully!!!!!!!!!!!!"}
{"level":"INFO","timestamp":"2018-10-29 22:58:41.584","file":"apiserver/main.go:48","msg":"Start to listening the incoming  http address: 6669"}
{"level":"INFO","timestamp":"2018-10-29 22:58:41.585","file":"sd/check.go:25","msg":"visit health"}
{"level":"INFO","timestamp":"2018-10-29 22:58:41.585","file":"apiserver/main.go:45","msg":"The router has been started successfully"}
{"level":"INFO","timestamp":"2018-10-29 22:59:55.837","file":"user/create.go:24","msg":"Create user"}
{"level":"INFO","timestamp":"2018-10-29 22:59:55.837","file":"user/create.go:33","msg":"URL username is: admin2"}
{"level":"INFO","timestamp":"2018-10-29 22:59:55.837","file":"user/create.go:36","msg":"URL key param desc is: test"}
{"level":"INFO","timestamp":"2018-10-29 22:59:55.837","file":"user/create.go:39","msg":"Header Content-Type is: application/json"}
{"level":"DEBUG","timestamp":"2018-10-29 22:59:55.837","file":"user/create.go:41","msg":"Username is: [admin],Password is: [admin]"}
{"level":"INFO","timestamp":"2018-10-29 23:00:29.565","file":"user/create.go:24","msg":"Create user"}
{"level":"INFO","timestamp":"2018-10-29 23:00:29.565","file":"user/create.go:33","msg":"URL username is: admin2"}
{"level":"INFO","timestamp":"2018-10-29 23:00:29.565","file":"user/create.go:36","msg":"URL key param desc is: 123"}
{"level":"INFO","timestamp":"2018-10-29 23:00:29.565","file":"user/create.go:39","msg":"Header Content-Type is: application/json"}
{"level":"DEBUG","timestamp":"2018-10-29 23:00:29.565","file":"user/create.go:41","msg":"Username is: [admin],Password is: []"}
{"level":"INFO","timestamp":"2018-10-29 23:01:12.969","file":"user/create.go:24","msg":"Create user"}
{"level":"INFO","timestamp":"2018-10-29 23:01:12.969","file":"user/create.go:33","msg":"URL username is: admin2"}
{"level":"INFO","timestamp":"2018-10-29 23:01:12.969","file":"user/create.go:36","msg":"URL key param desc is: 123"}
{"level":"INFO","timestamp":"2018-10-29 23:01:12.969","file":"user/create.go:39","msg":"Header Content-Type is: application/json"}
{"level":"DEBUG","timestamp":"2018-10-29 23:01:12.969","file":"user/create.go:41","msg":"Username is: [admin],Password is: []"}
{"level":"INFO","timestamp":"2018-10-29 23:01:21.446","file":"user/create.go:24","msg":"Create user"}
{"level":"INFO","timestamp":"2018-10-29 23:01:21.446","file":"user/create.go:33","msg":"URL username is: admin2"}
{"level":"INFO","timestamp":"2018-10-29 23:01:21.447","file":"user/create.go:36","msg":"URL key param desc is: 123"}
{"level":"INFO","timestamp":"2018-10-29 23:01:21.447","file":"user/create.go:39","msg":"Header Content-Type is: application/json"}
{"level":"DEBUG","timestamp":"2018-10-29 23:01:21.447","file":"user/create.go:41","msg":"Username is: [admin],Password is: [123]"}
{"level":"INFO","timestamp":"2018-10-29 23:06:53.301","file":"config/config.go:49","msg":"success config log 222222222222222222log/apiserver.log"}
{"level":"INFO","timestamp":"2018-10-29 23:06:53.303","file":"model/init.go:107","msg":"Connect to db successfully!!!!!!!!!!!!"}
{"level":"INFO","timestamp":"2018-10-29 23:06:53.304","file":"model/init.go:107","msg":"Connect to db successfully!!!!!!!!!!!!"}
{"level":"INFO","timestamp":"2018-10-29 23:06:53.305","file":"apiserver/main.go:48","msg":"Start to listening the incoming  http address: 6669"}
{"level":"INFO","timestamp":"2018-10-29 23:06:53.306","file":"sd/check.go:25","msg":"visit health"}
{"level":"INFO","timestamp":"2018-10-29 23:06:53.306","file":"apiserver/main.go:45","msg":"The router has been started successfully"}
{"level":"INFO","timestamp":"2018-10-29 23:08:30.238","file":"config/config.go:49","msg":"success config log 222222222222222222log/apiserver.log"}
{"level":"INFO","timestamp":"2018-10-29 23:08:30.240","file":"model/init.go:107","msg":"Connect to db successfully!!!!!!!!!!!!"}
{"level":"INFO","timestamp":"2018-10-29 23:08:30.241","file":"model/init.go:107","msg":"Connect to db successfully!!!!!!!!!!!!"}
{"level":"INFO","timestamp":"2018-10-29 23:08:30.242","file":"apiserver/main.go:48","msg":"Start to listening the incoming  http address: 6669"}
{"level":"INFO","timestamp":"2018-10-29 23:08:30.243","file":"sd/check.go:25","msg":"visit health"}
{"level":"INFO","timestamp":"2018-10-29 23:08:30.243","file":"apiserver/main.go:45","msg":"The router has been started successfully"}
{"level":"INFO","timestamp":"2018-10-29 23:08:45.800","file":"user/create.go:23","msg":"Create user"}
{"level":"INFO","timestamp":"2018-10-29 23:08:45.801","file":"user/create.go:32","msg":"URL username is: admin2"}
{"level":"INFO","timestamp":"2018-10-29 23:08:45.801","file":"user/create.go:35","msg":"URL key param desc is: 123"}
{"level":"INFO","timestamp":"2018-10-29 23:08:45.801","file":"user/create.go:38","msg":"Header Content-Type is: application/json"}
{"level":"DEBUG","timestamp":"2018-10-29 23:08:45.801","file":"user/create.go:40","msg":"Username is: [admin],Password is: []"}
{"level":"INFO","timestamp":"2018-10-29 23:09:19.660","file":"config/config.go:49","msg":"success config log 222222222222222222log/apiserver.log"}
{"level":"INFO","timestamp":"2018-10-29 23:09:19.662","file":"model/init.go:107","msg":"Connect to db successfully!!!!!!!!!!!!"}
{"level":"INFO","timestamp":"2018-10-29 23:09:19.663","file":"model/init.go:107","msg":"Connect to db successfully!!!!!!!!!!!!"}
{"level":"INFO","timestamp":"2018-10-29 23:09:19.677","file":"apiserver/main.go:48","msg":"Start to listening the incoming  http address: 6669"}
{"level":"INFO","timestamp":"2018-10-29 23:09:19.678","file":"sd/check.go:25","msg":"visit health"}
{"level":"INFO","timestamp":"2018-10-29 23:09:19.679","file":"apiserver/main.go:45","msg":"The router has been started successfully"}
{"level":"INFO","timestamp":"2018-10-29 23:09:22.445","file":"user/create.go:23","msg":"Create user"}
{"level":"INFO","timestamp":"2018-10-29 23:09:22.446","file":"user/create.go:32","msg":"URL username is: admin2"}
{"level":"INFO","timestamp":"2018-10-29 23:09:22.446","file":"user/create.go:35","msg":"URL key param desc is: 123"}
{"level":"INFO","timestamp":"2018-10-29 23:09:22.446","file":"user/create.go:38","msg":"Header Content-Type is: application/json"}
{"level":"DEBUG","timestamp":"2018-10-29 23:09:22.446","file":"user/create.go:40","msg":"Username is: [admin],Password is: []"}
{"level":"INFO","timestamp":"2018-10-29 23:09:34.609","file":"user/create.go:23","msg":"Create user"}
{"level":"INFO","timestamp":"2018-10-29 23:09:34.609","file":"user/create.go:32","msg":"URL username is: admin2"}
{"level":"INFO","timestamp":"2018-10-29 23:09:34.609","file":"user/create.go:35","msg":"URL key param desc is: 123"}
{"level":"INFO","timestamp":"2018-10-29 23:09:34.609","file":"user/create.go:38","msg":"Header Content-Type is: application/json"}
{"level":"DEBUG","timestamp":"2018-10-29 23:09:34.609","file":"user/create.go:40","msg":"Username is: [admin],Password is: [123]"}
